<?xml version="1.0" encoding="UTF-8"?>
<!-- Generated by org.testng.reporters.JUnitReportReporter -->
<testsuite hostname="DESKTOP-N354C6K" failures="0" tests="1" name="TestApplication.Login" time="11.832" errors="0" timestamp="2023-05-09T22:44:18 IST" skipped="0">
  <testcase classname="TestApplication.Login" name="LoginApp" time="11.832"/>
  <system-out/>
</testsuite> <!-- TestApplication.Login -->
