<?xml version="1.0" encoding="UTF-8"?>
<!-- Generated by org.testng.reporters.JUnitReportReporter -->
<testsuite hostname="DESKTOP-N354C6K" failures="0" tests="2" name="TestApplication.Webdrivers" time="6.456" errors="0" timestamp="2023-05-06T23:26:32 IST" skipped="0">
  <testcase classname="TestApplication.Webdrivers" name="Chromedriver" time="4.237"/>
  <system-out/>
  <testcase classname="TestApplication.Webdrivers" name="EdgeDriver" time="2.219"/>
  <system-out/>
</testsuite> <!-- TestApplication.Webdrivers -->
