<?xml version="1.0" encoding="UTF-8"?>
<!-- Generated by org.testng.reporters.JUnitReportReporter -->
<testsuite hostname="DESKTOP-N354C6K" failures="0" tests="1" name="TestApplication.Payments" time="15.762" errors="0" timestamp="2023-05-13T20:56:00 IST" skipped="0">
  <testcase classname="TestApplication.Payments" name="PaymentPage" time="15.762"/>
  <system-out/>
</testsuite> <!-- TestApplication.Payments -->
